<?xml version="1.0" encoding="UTF-8"?>
<testsuite name="com.cars.translators.CarsResponseTranslatorTest" tests="6" skipped="0" failures="0" errors="0" timestamp="2018-09-02T19:10:47" hostname="MacBookPro" time="0.015">
  <properties/>
  <testcase name="translateManufacturerResponse_returnsManufacturerViewModel" classname="com.cars.translators.CarsResponseTranslatorTest" time="0.003"/>
  <testcase name="translateManufacturerTrimsResponse_returnsManufacturerTrimsViewModel" classname="com.cars.translators.CarsResponseTranslatorTest" time="0.009"/>
  <testcase name="translateCarResponse_returnsCarViewModel" classname="com.cars.translators.CarsResponseTranslatorTest" time="0.001"/>
  <testcase name="translateTrimResponse" classname="com.cars.translators.CarsResponseTranslatorTest" time="0.0"/>
  <testcase name="translateCarResponses_returnsCarViewModels" classname="com.cars.translators.CarsResponseTranslatorTest" time="0.001"/>
  <testcase name="translateManufactuerResponses_returnsManufacturerViewModels" classname="com.cars.translators.CarsResponseTranslatorTest" time="0.0"/>
  <system-out><![CDATA[]]></system-out>
  <system-err><![CDATA[]]></system-err>
</testsuite>
